<?xml version="1.0" encoding="UTF-8"?>
<testng-results ignored="0" total="1" passed="1" failed="0" skipped="0">
  <reporter-output>
  </reporter-output>
  <suite started-at="2026-01-20T14:20:03 IST" name="Surefire suite" finished-at="2026-01-20T14:20:03 IST" duration-ms="44">
    <groups>
    </groups>
    <test started-at="2026-01-20T14:20:03 IST" name="Surefire test" finished-at="2026-01-20T14:20:03 IST" duration-ms="44">
      <class name="automation.jenkinspractice.LoginTest">
        <test-method signature="login()[pri:0, instance:automation.jenkinspractice.LoginTest@275710fc]" started-at="2026-01-20T14:20:03 IST" name="login" finished-at="2026-01-20T14:20:03 IST" duration-ms="5" status="PASS">
          <reporter-output>
          </reporter-output>
        </test-method> <!-- login -->
      </class> <!-- automation.jenkinspractice.LoginTest -->
    </test> <!-- Surefire test -->
  </suite> <!-- Surefire suite -->
</testng-results>
