<?xml version="1.0" encoding="UTF-8"?>
<testng-results ignored="0" total="1" passed="1" failed="0" skipped="0">
  <reporter-output>
  </reporter-output>
  <suite started-at="2026-02-02T16:12:48 IST" name="Default suite" finished-at="2026-02-02T16:12:49 IST" duration-ms="380">
    <groups>
    </groups>
    <test started-at="2026-02-02T16:12:48 IST" name="Default test" finished-at="2026-02-02T16:12:49 IST" duration-ms="380">
      <class name="automation.jenkinspractice.AllureTest">
        <test-method signature="validLoginTest()[pri:0, instance:automation.jenkinspractice.AllureTest@606e4010]" started-at="2026-02-02T16:12:49 IST" name="validLoginTest" finished-at="2026-02-02T16:12:49 IST" duration-ms="260" status="PASS">
          <reporter-output>
          </reporter-output>
        </test-method> <!-- validLoginTest -->
      </class> <!-- automation.jenkinspractice.AllureTest -->
    </test> <!-- Default test -->
  </suite> <!-- Default suite -->
</testng-results>
